19:47:29.951 [main] WARN  o.h.o.connections.pooling      - [configure           ] - HHH10001002: Using Hibernate built-in connection pool (not for production use!)
19:47:30.118 [main] WARN  o.h.e.j.e.i.JdbcEnvironmentInitiator - [initiateService     ] - HHH000342: Could not obtain connection to query metadata
java.lang.IllegalStateException: Cannot get a connection as the driver manager is not properly initialized
	at org.hibernate.engine.jdbc.connections.internal.DriverManagerConnectionProviderImpl.getConnection(DriverManagerConnectionProviderImpl.java:172)
	at org.hibernate.engine.jdbc.env.internal.JdbcEnvironmentInitiator$ConnectionProviderJdbcConnectionAccess.obtainConnection(JdbcEnvironmentInitiator.java:181)
	at org.hibernate.engine.jdbc.env.internal.JdbcEnvironmentInitiator.initiateService(JdbcEnvironmentInitiator.java:68)
	at org.hibernate.engine.jdbc.env.internal.JdbcEnvironmentInitiator.initiateService(JdbcEnvironmentInitiator.java:35)
	at org.hibernate.boot.registry.internal.StandardServiceRegistryImpl.initiateService(StandardServiceRegistryImpl.java:101)
	at org.hibernate.service.internal.AbstractServiceRegistryImpl.createService(AbstractServiceRegistryImpl.java:263)
	at org.hibernate.service.internal.AbstractServiceRegistryImpl.initializeService(AbstractServiceRegistryImpl.java:237)
	at org.hibernate.service.internal.AbstractServiceRegistryImpl.getService(AbstractServiceRegistryImpl.java:214)
	at org.hibernate.engine.jdbc.internal.JdbcServicesImpl.configure(JdbcServicesImpl.java:51)
	at org.hibernate.boot.registry.internal.StandardServiceRegistryImpl.configureService(StandardServiceRegistryImpl.java:107)
	at org.hibernate.service.internal.AbstractServiceRegistryImpl.initializeService(AbstractServiceRegistryImpl.java:246)
	at org.hibernate.service.internal.AbstractServiceRegistryImpl.getService(AbstractServiceRegistryImpl.java:214)
	at org.hibernate.engine.jdbc.connections.internal.BasicConnectionCreator.convertSqlException(BasicConnectionCreator.java:116)
	at org.hibernate.engine.jdbc.connections.internal.DriverManagerConnectionCreator.makeConnection(DriverManagerConnectionCreator.java:37)
	at org.hibernate.engine.jdbc.connections.internal.BasicConnectionCreator.createConnection(BasicConnectionCreator.java:58)
	at org.hibernate.engine.jdbc.connections.internal.DriverManagerConnectionProviderImpl$PooledConnections.addConnections(DriverManagerConnectionProviderImpl.java:409)
	at org.hibernate.engine.jdbc.connections.internal.DriverManagerConnectionProviderImpl$PooledConnections.<init>(DriverManagerConnectionProviderImpl.java:275)
	at org.hibernate.engine.jdbc.connections.internal.DriverManagerConnectionProviderImpl$PooledConnections.<init>(DriverManagerConnectionProviderImpl.java:249)
	at org.hibernate.engine.jdbc.connections.internal.DriverManagerConnectionProviderImpl$PooledConnections$Builder.build(DriverManagerConnectionProviderImpl.java:453)
	at org.hibernate.engine.jdbc.connections.internal.DriverManagerConnectionProviderImpl.buildPool(DriverManagerConnectionProviderImpl.java:98)
	at org.hibernate.engine.jdbc.connections.internal.DriverManagerConnectionProviderImpl.configure(DriverManagerConnectionProviderImpl.java:73)
	at org.hibernate.boot.registry.internal.StandardServiceRegistryImpl.configureService(StandardServiceRegistryImpl.java:107)
	at org.hibernate.service.internal.AbstractServiceRegistryImpl.initializeService(AbstractServiceRegistryImpl.java:246)
	at org.hibernate.service.internal.AbstractServiceRegistryImpl.getService(AbstractServiceRegistryImpl.java:214)
	at org.hibernate.engine.jdbc.env.internal.JdbcEnvironmentInitiator.buildJdbcConnectionAccess(JdbcEnvironmentInitiator.java:146)
	at org.hibernate.engine.jdbc.env.internal.JdbcEnvironmentInitiator.initiateService(JdbcEnvironmentInitiator.java:66)
	at org.hibernate.engine.jdbc.env.internal.JdbcEnvironmentInitiator.initiateService(JdbcEnvironmentInitiator.java:35)
	at org.hibernate.boot.registry.internal.StandardServiceRegistryImpl.initiateService(StandardServiceRegistryImpl.java:101)
	at org.hibernate.service.internal.AbstractServiceRegistryImpl.createService(AbstractServiceRegistryImpl.java:263)
	at org.hibernate.service.internal.AbstractServiceRegistryImpl.initializeService(AbstractServiceRegistryImpl.java:237)
	at org.hibernate.service.internal.AbstractServiceRegistryImpl.getService(AbstractServiceRegistryImpl.java:214)
	at org.hibernate.id.factory.internal.DefaultIdentifierGeneratorFactory.injectServices(DefaultIdentifierGeneratorFactory.java:152)
	at org.hibernate.service.internal.AbstractServiceRegistryImpl.injectDependencies(AbstractServiceRegistryImpl.java:286)
	at org.hibernate.service.internal.AbstractServiceRegistryImpl.initializeService(AbstractServiceRegistryImpl.java:243)
	at org.hibernate.service.internal.AbstractServiceRegistryImpl.getService(AbstractServiceRegistryImpl.java:214)
	at org.hibernate.boot.internal.InFlightMetadataCollectorImpl.<init>(InFlightMetadataCollectorImpl.java:176)
	at org.hibernate.boot.model.process.spi.MetadataBuildingProcess.complete(MetadataBuildingProcess.java:127)
	at org.hibernate.boot.model.process.spi.MetadataBuildingProcess.build(MetadataBuildingProcess.java:86)
	at org.hibernate.boot.internal.MetadataBuilderImpl.build(MetadataBuilderImpl.java:479)
	at org.hibernate.boot.internal.MetadataBuilderImpl.build(MetadataBuilderImpl.java:85)
	at org.hibernate.cfg.Configuration.buildSessionFactory(Configuration.java:709)
	at org.hibernate.cfg.Configuration.buildSessionFactory(Configuration.java:744)
	at com.nttdata.HibernateUtil.<clinit>(HibernateUtil.java:37)
	at com.nttdata.MainController.main(MainController.java:25)
19:47:30.157 [main] WARN  o.h.e.j.s.SqlExceptionHelper   - [logExceptions       ] - SQL Error: 0, SQLState: 08S01
19:47:30.158 [main] ERROR o.h.e.j.s.SqlExceptionHelper   - [logExceptions       ] - Communications link failure

The last packet sent successfully to the server was 0 milliseconds ago. The driver has not received any packets from the server.
19:47:30.159 [main] ERROR com.nttdata.HibernateUtil      - [<clinit>            ] - Error de inicialización en la configuración de la sesión.
19:47:54.908 [main] WARN  o.h.o.connections.pooling      - [configure           ] - HHH10001002: Using Hibernate built-in connection pool (not for production use!)
19:47:55.275 [main] ERROR com.nttdata.HibernateUtil      - [<clinit>            ] - Error de inicialización en la configuración de la sesión.
19:54:03.570 [main] WARN  o.h.o.connections.pooling      - [configure           ] - HHH10001002: Using Hibernate built-in connection pool (not for production use!)
19:54:03.913 [main] ERROR com.nttdata.HibernateUtil      - [<clinit>            ] - Error de inicialización en la configuración de la sesión.
19:55:04.178 [main] WARN  o.h.o.connections.pooling      - [configure           ] - HHH10001002: Using Hibernate built-in connection pool (not for production use!)
19:55:04.555 [main] ERROR com.nttdata.HibernateUtil      - [<clinit>            ] - Error de inicialización en la configuración de la sesión.
20:00:15.427 [main] WARN  o.h.o.connections.pooling      - [configure           ] - HHH10001002: Using Hibernate built-in connection pool (not for production use!)
20:04:02.182 [main] WARN  o.h.o.connections.pooling      - [configure           ] - HHH10001002: Using Hibernate built-in connection pool (not for production use!)
20:17:45.962 [main] WARN  o.h.o.connections.pooling      - [configure           ] - HHH10001002: Using Hibernate built-in connection pool (not for production use!)
20:19:12.988 [main] WARN  o.h.o.connections.pooling      - [configure           ] - HHH10001002: Using Hibernate built-in connection pool (not for production use!)
20:39:39.779 [main] WARN  o.h.o.connections.pooling      - [configure           ] - HHH10001002: Using Hibernate built-in connection pool (not for production use!)
20:42:38.237 [main] WARN  o.h.o.connections.pooling      - [configure           ] - HHH10001002: Using Hibernate built-in connection pool (not for production use!)
20:44:18.707 [main] WARN  o.h.o.connections.pooling      - [configure           ] - HHH10001002: Using Hibernate built-in connection pool (not for production use!)
20:44:49.171 [main] WARN  o.h.o.connections.pooling      - [configure           ] - HHH10001002: Using Hibernate built-in connection pool (not for production use!)
20:48:52.627 [main] WARN  o.h.o.connections.pooling      - [configure           ] - HHH10001002: Using Hibernate built-in connection pool (not for production use!)
20:49:35.547 [main] WARN  o.h.o.connections.pooling      - [configure           ] - HHH10001002: Using Hibernate built-in connection pool (not for production use!)
20:51:41.189 [main] WARN  o.h.o.connections.pooling      - [configure           ] - HHH10001002: Using Hibernate built-in connection pool (not for production use!)
